31/5/2025 -- 15:50:31 - <Notice> - This is Suricata version 6.0.10 RELEASE running in SYSTEM mode
31/5/2025 -- 15:50:31 - <Info> - CPUs/cores online: 8
31/5/2025 -- 15:50:31 - <Warning> - [ERRCODE: SC_ERR_CONF_YAML_ERROR(242)] - App-Layer protocol ikev2 enable status not set, so enabling by default. This behavior will change in Suricata 7, so please update your config. See ticket #4744 for more details.
31/5/2025 -- 15:50:31 - <Warning> - [ERRCODE: SC_ERR_CONF_YAML_ERROR(242)] - App-Layer protocol sip enable status not set, so enabling by default. This behavior will change in Suricata 7, so please update your config. See ticket #4744 for more details.
31/5/2025 -- 15:50:31 - <Warning> - [ERRCODE: SC_ERR_CONF_YAML_ERROR(242)] - App-Layer protocol rdp enable status not set, so enabling by default. This behavior will change in Suricata 7, so please update your config. See ticket #4744 for more details.
31/5/2025 -- 15:50:31 - <Info> - Found an MTU of 1500 for 'eth0'
31/5/2025 -- 15:50:31 - <Info> - Found an MTU of 1500 for 'eth0'
31/5/2025 -- 15:50:31 - <Info> - fast output device (regular) initialized: fast.log
31/5/2025 -- 15:50:31 - <Info> - eve-log output device (regular) initialized: eve.json
31/5/2025 -- 15:50:31 - <Warning> - [ERRCODE: SC_ERR_INVALID_ARGUMENT(13)] - No output module named eve-log.ike
31/5/2025 -- 15:50:31 - <Warning> - [ERRCODE: SC_ERR_INVALID_ARGUMENT(13)] - No output module named eve-log.bittorrent-dht
31/5/2025 -- 15:50:31 - <Warning> - [ERRCODE: SC_ERR_INVALID_ARGUMENT(13)] - No output module named eve-log.quic
31/5/2025 -- 15:50:31 - <Info> - stats output device (regular) initialized: stats.log
31/5/2025 -- 15:50:31 - <Info> - Running in live mode, activating unix socket
31/5/2025 -- 15:50:31 - <Info> - 1 rule files processed. 6 rules successfully loaded, 0 rules failed
31/5/2025 -- 15:50:31 - <Info> - Threshold config parsed: 0 rule(s) found
31/5/2025 -- 15:50:31 - <Info> - 6 signatures processed. 2 are IP-only rules, 0 are inspecting packet payload, 2 inspect application layer, 0 are decoder event only
31/5/2025 -- 15:50:31 - <Info> - Going to use 8 thread(s)
31/5/2025 -- 15:50:31 - <Info> - Running in live mode, activating unix socket
31/5/2025 -- 15:50:31 - <Info> - Using unix socket file '/var/suricata-command.socket'
31/5/2025 -- 15:50:31 - <Notice> - all 8 packet processing threads, 4 management threads initialized, engine started.
31/5/2025 -- 15:50:32 - <Info> - All AFP capture threads are running.
